<?xml version="1.0" encoding="UTF-8"?>
<!-- Generated by org.testng.reporters.JUnitXMLReporter -->
<testsuite hostname="HDC2-D-CCTQXJ2" ignored="2" name="GRPXML.xml" tests="3" failures="0" timestamp="21 Oct 2019 06:35:21 GMT" time="0.077" errors="0">
  <testcase name="ApplyLoan" time="0.018" classname="Demowebshop.GRPDemo"/>
  <testcase name="PartPayment" time="0.001" classname="Demowebshop.GRPDemo"/>
  <testcase name="ReviseROI" time="0.005" classname="Demowebshop.GRPDemo"/>
  <testcase name="PayEMI" time="0.0" classname="Demowebshop.GRPDemo">
    <ignored/>
  </testcase> <!-- PayEMI -->
  <testcase name="Precloseloan" time="0.0" classname="Demowebshop.GRPDemo">
    <ignored/>
  </testcase> <!-- Precloseloan -->
</testsuite> <!-- GRPXML.xml -->
